2024-05-07 14:52:51,313 - ERROR -  the simplified expression is << (3/4+16+T = (3/4+16+ >> --- Unsimplified << (3/4+16+ >>: Sympify of expression 'could not parse '(3/4+16+'' failed, because of exception being raised:
TokenError: ('EOF in multi-line statement', (2, 0))
2024-05-07 14:52:51,560 - ERROR -  the simplified expression is << /50*100 = /50*100 >> --- Unsimplified << /50*100 >>: Sympify of expression 'could not parse '/50*100'' failed, because of exception being raised:
SyntaxError: invalid syntax (<string>, line 1)
2024-05-07 14:52:51,874 - ERROR -  the simplified expression is << 120- = 120- >> --- Unsimplified << 120- >>: Sympify of expression 'could not parse '120-'' failed, because of exception being raised:
SyntaxError: invalid syntax (<string>, line 1)
2024-05-07 14:53:00,094 - ERROR -  the simplified expression is << slice =  >> --- Unsimplified <<  >>: Sympify of expression 'could not parse ''' failed, because of exception being raised:
SyntaxError: invalid syntax (<string>, line 0)
2024-05-07 14:53:00,451 - ERROR -  the simplified expression is << *2point = *2* >> --- Unsimplified << *2* >>: Sympify of expression 'could not parse '*2*'' failed, because of exception being raised:
SyntaxError: invalid syntax (<string>, line 1)
2024-05-07 14:53:12,764 - ERROR -  the simplified expression is << 6240- = 6240- >> --- Unsimplified << 6240- >>: Sympify of expression 'could not parse '6240-'' failed, because of exception being raised:
SyntaxError: invalid syntax (<string>, line 1)
2024-05-08 20:09:52,243 - ERROR -  the simplified expression is <<   =  >> --- Unsimplified <<  >>: Sympify of expression 'could not parse ''' failed, because of exception being raised:
SyntaxError: invalid syntax (<string>, line 0)
2024-05-08 20:09:53,234 - ERROR -  the simplified expression is <<   =  >> --- Unsimplified <<  >>: Sympify of expression 'could not parse ''' failed, because of exception being raised:
SyntaxError: invalid syntax (<string>, line 0)
2024-05-08 20:09:56,736 - ERROR -  the simplified expression is <<   =  >> --- Unsimplified <<  >>: Sympify of expression 'could not parse ''' failed, because of exception being raised:
SyntaxError: invalid syntax (<string>, line 0)
2024-05-08 20:10:00,936 - ERROR -  the simplified expression is << /2  = /2 >> --- Unsimplified << /2 >>: Sympify of expression 'could not parse '/2'' failed, because of exception being raised:
SyntaxError: invalid syntax (<string>, line 1)
2024-05-08 20:10:08,175 - ERROR -  the simplified expression is <<   =  >> --- Unsimplified <<  >>: Sympify of expression 'could not parse ''' failed, because of exception being raised:
SyntaxError: invalid syntax (<string>, line 0)
2024-05-08 20:10:22,674 - ERROR -  the simplified expression is << age=39-3 =  >> --- Unsimplified <<  >>: Sympify of expression 'could not parse ''' failed, because of exception being raised:
SyntaxError: invalid syntax (<string>, line 0)
2024-05-08 20:10:32,238 - ERROR -  the simplified expression is <<   =  >> --- Unsimplified <<  >>: Sympify of expression 'could not parse ''' failed, because of exception being raised:
SyntaxError: invalid syntax (<string>, line 0)
2024-05-08 20:10:36,310 - ERROR -  the simplified expression is <<   =  >> --- Unsimplified <<  >>: Sympify of expression 'could not parse ''' failed, because of exception being raised:
SyntaxError: invalid syntax (<string>, line 0)
2024-05-08 20:10:41,080 - ERROR -  the simplified expression is <<   =  >> --- Unsimplified <<  >>: Sympify of expression 'could not parse ''' failed, because of exception being raised:
SyntaxError: invalid syntax (<string>, line 0)
2024-05-08 20:11:40,879 - ERROR -  the simplified expression is << 2x=14-3 = 2* >> --- Unsimplified << 2* >>: Sympify of expression 'could not parse '2*'' failed, because of exception being raised:
SyntaxError: invalid syntax (<string>, line 1)
